08 06, 2020 09:08:58 上午 cn.how2j.diytomcat.Bootstrap lambda$logJVM$0
INFO : Server version:		How2J DiyTomcat/1.0.1
08 06, 2020 09:08:58 上午 cn.how2j.diytomcat.Bootstrap lambda$logJVM$0
INFO : Server built:		2020-04-08 10:20:22
08 06, 2020 09:08:58 上午 cn.how2j.diytomcat.Bootstrap lambda$logJVM$0
INFO : Server number:		1.0.1
08 06, 2020 09:08:58 上午 cn.how2j.diytomcat.Bootstrap lambda$logJVM$0
INFO : OS Name	:		Windows 10
08 06, 2020 09:08:58 上午 cn.how2j.diytomcat.Bootstrap lambda$logJVM$0
INFO : OS Version:		10.0
08 06, 2020 09:08:58 上午 cn.how2j.diytomcat.Bootstrap lambda$logJVM$0
INFO : Architecture:		amd64
08 06, 2020 09:08:58 上午 cn.how2j.diytomcat.Bootstrap lambda$logJVM$0
INFO : Java Home:		C:\Program Files\Java\jdk1.8.0_121\jre
08 06, 2020 09:08:58 上午 cn.how2j.diytomcat.Bootstrap lambda$logJVM$0
INFO : JVM Version:		1.8.0_121-b13
08 06, 2020 09:08:58 上午 cn.how2j.diytomcat.Bootstrap lambda$logJVM$0
INFO : JVM Vendor:		Oracle Corporation
08 06, 2020 09:08:58 上午 cn.how2j.diytomcat.catalina.Context <init>
INFO : Deploying web application directory E:\IdeaProjects\diytomcat\webapps\a
08 06, 2020 09:08:58 上午 cn.how2j.diytomcat.catalina.Context <init>
INFO : Deployment of web application directory E:\IdeaProjects\diytomcat\webapps\a has finished in 1 ms
08 06, 2020 09:08:58 上午 cn.how2j.diytomcat.catalina.Context <init>
INFO : Deploying web application directory E:\IdeaProjects\diytomcat\webapps\ROOT
08 06, 2020 09:08:58 上午 cn.how2j.diytomcat.catalina.Context <init>
INFO : Deployment of web application directory E:\IdeaProjects\diytomcat\webapps\ROOT has finished in 1 ms
08 06, 2020 09:08:58 上午 cn.how2j.diytomcat.catalina.Context <init>
INFO : Deploying web application directory d:/project/diytomcat/b
08 06, 2020 09:08:58 上午 cn.how2j.diytomcat.catalina.Context <init>
INFO : Deployment of web application directory d:/project/diytomcat/b has finished in 0 ms
08 06, 2020 09:13:15 上午 cn.how2j.diytomcat.Bootstrap lambda$logJVM$0
INFO : Server version:		How2J DiyTomcat/1.0.1
08 06, 2020 09:13:15 上午 cn.how2j.diytomcat.Bootstrap lambda$logJVM$0
INFO : Server built:		2020-04-08 10:20:22
08 06, 2020 09:13:15 上午 cn.how2j.diytomcat.Bootstrap lambda$logJVM$0
INFO : Server number:		1.0.1
08 06, 2020 09:13:15 上午 cn.how2j.diytomcat.Bootstrap lambda$logJVM$0
INFO : OS Name	:		Windows 10
08 06, 2020 09:13:15 上午 cn.how2j.diytomcat.Bootstrap lambda$logJVM$0
INFO : OS Version:		10.0
08 06, 2020 09:13:15 上午 cn.how2j.diytomcat.Bootstrap lambda$logJVM$0
INFO : Architecture:		amd64
08 06, 2020 09:13:15 上午 cn.how2j.diytomcat.Bootstrap lambda$logJVM$0
INFO : Java Home:		C:\Program Files\Java\jdk1.8.0_121\jre
08 06, 2020 09:13:15 上午 cn.how2j.diytomcat.Bootstrap lambda$logJVM$0
INFO : JVM Version:		1.8.0_121-b13
08 06, 2020 09:13:15 上午 cn.how2j.diytomcat.Bootstrap lambda$logJVM$0
INFO : JVM Vendor:		Oracle Corporation
08 06, 2020 09:13:15 上午 cn.how2j.diytomcat.catalina.Context <init>
INFO : Deploying web application directory E:\IdeaProjects\diytomcat\webapps\a
08 06, 2020 09:13:15 上午 cn.how2j.diytomcat.catalina.Context <init>
INFO : Deployment of web application directory E:\IdeaProjects\diytomcat\webapps\a has finished in 1 ms
08 06, 2020 09:13:15 上午 cn.how2j.diytomcat.catalina.Context <init>
INFO : Deploying web application directory E:\IdeaProjects\diytomcat\webapps\ROOT
08 06, 2020 09:13:15 上午 cn.how2j.diytomcat.catalina.Context <init>
INFO : Deployment of web application directory E:\IdeaProjects\diytomcat\webapps\ROOT has finished in 1 ms
08 06, 2020 09:13:19 上午 cn.how2j.diytomcat.catalina.Context <init>
INFO : Deploying web application directory e:/IdeaProjects/diytomcat/b
08 06, 2020 09:13:19 上午 cn.how2j.diytomcat.catalina.Context <init>
INFO : Deployment of web application directory e:/IdeaProjects/diytomcat/b has finished in 1 ms
08 06, 2020 09:34:30 上午 cn.how2j.diytomcat.Bootstrap lambda$logJVM$0
INFO : Server version:		How2J DiyTomcat/1.0.1
08 06, 2020 09:34:30 上午 cn.how2j.diytomcat.Bootstrap lambda$logJVM$0
INFO : Server built:		2020-04-08 10:20:22
08 06, 2020 09:34:30 上午 cn.how2j.diytomcat.Bootstrap lambda$logJVM$0
INFO : Server number:		1.0.1
08 06, 2020 09:34:30 上午 cn.how2j.diytomcat.Bootstrap lambda$logJVM$0
INFO : OS Name	:		Windows 10
08 06, 2020 09:34:30 上午 cn.how2j.diytomcat.Bootstrap lambda$logJVM$0
INFO : OS Version:		10.0
08 06, 2020 09:34:30 上午 cn.how2j.diytomcat.Bootstrap lambda$logJVM$0
INFO : Architecture:		amd64
08 06, 2020 09:34:30 上午 cn.how2j.diytomcat.Bootstrap lambda$logJVM$0
INFO : Java Home:		C:\Program Files\Java\jdk1.8.0_121\jre
08 06, 2020 09:34:30 上午 cn.how2j.diytomcat.Bootstrap lambda$logJVM$0
INFO : JVM Version:		1.8.0_121-b13
08 06, 2020 09:34:30 上午 cn.how2j.diytomcat.Bootstrap lambda$logJVM$0
INFO : JVM Vendor:		Oracle Corporation
08 06, 2020 09:34:30 上午 cn.how2j.diytomcat.catalina.Context <init>
INFO : Deploying web application directory E:\IdeaProjects\diytomcat\webapps\a
08 06, 2020 09:34:30 上午 cn.how2j.diytomcat.catalina.Context <init>
INFO : Deployment of web application directory E:\IdeaProjects\diytomcat\webapps\a has finished in 0 ms
08 06, 2020 09:34:30 上午 cn.how2j.diytomcat.catalina.Context <init>
INFO : Deploying web application directory E:\IdeaProjects\diytomcat\webapps\ROOT
08 06, 2020 09:34:30 上午 cn.how2j.diytomcat.catalina.Context <init>
INFO : Deployment of web application directory E:\IdeaProjects\diytomcat\webapps\ROOT has finished in 0 ms
08 06, 2020 09:34:30 上午 cn.how2j.diytomcat.catalina.Context <init>
INFO : Deploying web application directory e:/IdeaProjects/diytomcat/b
08 06, 2020 09:34:30 上午 cn.how2j.diytomcat.catalina.Context <init>
INFO : Deployment of web application directory e:/IdeaProjects/diytomcat/b has finished in 1 ms
08 06, 2020 09:34:30 上午 cn.how2j.diytomcat.catalina.Context <init>
INFO : Deploying web application directory E:\IdeaProjects\diytomcat\webapps\a
08 06, 2020 09:34:30 上午 cn.how2j.diytomcat.catalina.Context <init>
INFO : Deployment of web application directory E:\IdeaProjects\diytomcat\webapps\a has finished in 5 ms
08 06, 2020 09:34:30 上午 cn.how2j.diytomcat.catalina.Context <init>
INFO : Deploying web application directory E:\IdeaProjects\diytomcat\webapps\ROOT
08 06, 2020 09:34:30 上午 cn.how2j.diytomcat.catalina.Context <init>
INFO : Deployment of web application directory E:\IdeaProjects\diytomcat\webapps\ROOT has finished in 1 ms
08 06, 2020 09:34:30 上午 cn.how2j.diytomcat.catalina.Context <init>
INFO : Deploying web application directory e:/IdeaProjects/diytomcat/b
08 06, 2020 09:34:30 上午 cn.how2j.diytomcat.catalina.Context <init>
INFO : Deployment of web application directory e:/IdeaProjects/diytomcat/b has finished in 0 ms
08 06, 2020 09:47:23 上午 cn.how2j.diytomcat.Bootstrap lambda$logJVM$0
INFO : Server version:		How2J DiyTomcat/1.0.1
08 06, 2020 09:47:23 上午 cn.how2j.diytomcat.Bootstrap lambda$logJVM$0
INFO : Server built:		2020-04-08 10:20:22
08 06, 2020 09:47:23 上午 cn.how2j.diytomcat.Bootstrap lambda$logJVM$0
INFO : Server number:		1.0.1
08 06, 2020 09:47:23 上午 cn.how2j.diytomcat.Bootstrap lambda$logJVM$0
INFO : OS Name	:		Windows 10
08 06, 2020 09:47:23 上午 cn.how2j.diytomcat.Bootstrap lambda$logJVM$0
INFO : OS Version:		10.0
08 06, 2020 09:47:23 上午 cn.how2j.diytomcat.Bootstrap lambda$logJVM$0
INFO : Architecture:		amd64
08 06, 2020 09:47:23 上午 cn.how2j.diytomcat.Bootstrap lambda$logJVM$0
INFO : Java Home:		C:\Program Files\Java\jdk1.8.0_121\jre
08 06, 2020 09:47:23 上午 cn.how2j.diytomcat.Bootstrap lambda$logJVM$0
INFO : JVM Version:		1.8.0_121-b13
08 06, 2020 09:47:23 上午 cn.how2j.diytomcat.Bootstrap lambda$logJVM$0
INFO : JVM Vendor:		Oracle Corporation
08 06, 2020 09:47:23 上午 cn.how2j.diytomcat.catalina.Context <init>
INFO : Deploying web application directory E:\IdeaProjects\diytomcat\webapps\a
08 06, 2020 09:47:23 上午 cn.how2j.diytomcat.catalina.Context <init>
INFO : Deployment of web application directory E:\IdeaProjects\diytomcat\webapps\a has finished in 0 ms
08 06, 2020 09:47:23 上午 cn.how2j.diytomcat.catalina.Context <init>
INFO : Deploying web application directory E:\IdeaProjects\diytomcat\webapps\ROOT
08 06, 2020 09:47:23 上午 cn.how2j.diytomcat.catalina.Context <init>
INFO : Deployment of web application directory E:\IdeaProjects\diytomcat\webapps\ROOT has finished in 0 ms
08 06, 2020 09:47:23 上午 cn.how2j.diytomcat.catalina.Context <init>
INFO : Deploying web application directory d:/project/diytomcat/b
08 06, 2020 09:47:23 上午 cn.how2j.diytomcat.catalina.Context <init>
INFO : Deployment of web application directory d:/project/diytomcat/b has finished in 1 ms
08 06, 2020 09:47:23 上午 cn.how2j.diytomcat.catalina.Context <init>
INFO : Deploying web application directory E:\IdeaProjects\diytomcat\webapps\a
08 06, 2020 09:47:23 上午 cn.how2j.diytomcat.catalina.Context <init>
INFO : Deployment of web application directory E:\IdeaProjects\diytomcat\webapps\a has finished in 4 ms
08 06, 2020 09:47:23 上午 cn.how2j.diytomcat.catalina.Context <init>
INFO : Deploying web application directory E:\IdeaProjects\diytomcat\webapps\ROOT
08 06, 2020 09:47:23 上午 cn.how2j.diytomcat.catalina.Context <init>
INFO : Deployment of web application directory E:\IdeaProjects\diytomcat\webapps\ROOT has finished in 1 ms
08 06, 2020 09:47:23 上午 cn.how2j.diytomcat.catalina.Context <init>
INFO : Deploying web application directory d:/project/diytomcat/b
08 06, 2020 09:47:23 上午 cn.how2j.diytomcat.catalina.Context <init>
INFO : Deployment of web application directory d:/project/diytomcat/b has finished in 1 ms
08 06, 2020 09:49:17 上午 cn.how2j.diytomcat.Bootstrap lambda$logJVM$0
INFO : Server version:		How2J DiyTomcat/1.0.1
08 06, 2020 09:49:17 上午 cn.how2j.diytomcat.Bootstrap lambda$logJVM$0
INFO : Server built:		2020-04-08 10:20:22
08 06, 2020 09:49:17 上午 cn.how2j.diytomcat.Bootstrap lambda$logJVM$0
INFO : Server number:		1.0.1
08 06, 2020 09:49:17 上午 cn.how2j.diytomcat.Bootstrap lambda$logJVM$0
INFO : OS Name	:		Windows 10
08 06, 2020 09:49:17 上午 cn.how2j.diytomcat.Bootstrap lambda$logJVM$0
INFO : OS Version:		10.0
08 06, 2020 09:49:17 上午 cn.how2j.diytomcat.Bootstrap lambda$logJVM$0
INFO : Architecture:		amd64
08 06, 2020 09:49:17 上午 cn.how2j.diytomcat.Bootstrap lambda$logJVM$0
INFO : Java Home:		C:\Program Files\Java\jdk1.8.0_121\jre
08 06, 2020 09:49:17 上午 cn.how2j.diytomcat.Bootstrap lambda$logJVM$0
INFO : JVM Version:		1.8.0_121-b13
08 06, 2020 09:49:17 上午 cn.how2j.diytomcat.Bootstrap lambda$logJVM$0
INFO : JVM Vendor:		Oracle Corporation
08 06, 2020 09:49:17 上午 cn.how2j.diytomcat.catalina.Context <init>
INFO : Deploying web application directory E:\IdeaProjects\diytomcat\webapps\a
08 06, 2020 09:49:17 上午 cn.how2j.diytomcat.catalina.Context <init>
INFO : Deployment of web application directory E:\IdeaProjects\diytomcat\webapps\a has finished in 1 ms
08 06, 2020 09:49:17 上午 cn.how2j.diytomcat.catalina.Context <init>
INFO : Deploying web application directory E:\IdeaProjects\diytomcat\webapps\ROOT
08 06, 2020 09:49:17 上午 cn.how2j.diytomcat.catalina.Context <init>
INFO : Deployment of web application directory E:\IdeaProjects\diytomcat\webapps\ROOT has finished in 1 ms
08 06, 2020 09:49:17 上午 cn.how2j.diytomcat.catalina.Context <init>
INFO : Deploying web application directory e:/IdeaProjects/diytomcat/b
08 06, 2020 09:49:17 上午 cn.how2j.diytomcat.catalina.Context <init>
INFO : Deployment of web application directory e:/IdeaProjects/diytomcat/b has finished in 1 ms
08 06, 2020 09:49:17 上午 cn.how2j.diytomcat.catalina.Context <init>
INFO : Deploying web application directory E:\IdeaProjects\diytomcat\webapps\a
08 06, 2020 09:49:17 上午 cn.how2j.diytomcat.catalina.Context <init>
INFO : Deployment of web application directory E:\IdeaProjects\diytomcat\webapps\a has finished in 3 ms
08 06, 2020 09:49:17 上午 cn.how2j.diytomcat.catalina.Context <init>
INFO : Deploying web application directory E:\IdeaProjects\diytomcat\webapps\ROOT
08 06, 2020 09:49:17 上午 cn.how2j.diytomcat.catalina.Context <init>
INFO : Deployment of web application directory E:\IdeaProjects\diytomcat\webapps\ROOT has finished in 1 ms
08 06, 2020 09:49:17 上午 cn.how2j.diytomcat.catalina.Context <init>
INFO : Deploying web application directory e:/IdeaProjects/diytomcat/b
08 06, 2020 09:49:17 上午 cn.how2j.diytomcat.catalina.Context <init>
INFO : Deployment of web application directory e:/IdeaProjects/diytomcat/b has finished in 0 ms
08 06, 2020 14:29:42 下午 cn.how2j.diytomcat.Bootstrap lambda$logJVM$0
INFO : Server version:		How2J DiyTomcat/1.0.1
08 06, 2020 14:29:42 下午 cn.how2j.diytomcat.Bootstrap lambda$logJVM$0
INFO : Server built:		2020-04-08 10:20:22
08 06, 2020 14:29:42 下午 cn.how2j.diytomcat.Bootstrap lambda$logJVM$0
INFO : Server number:		1.0.1
08 06, 2020 14:29:42 下午 cn.how2j.diytomcat.Bootstrap lambda$logJVM$0
INFO : OS Name	:		Windows 10
08 06, 2020 14:29:42 下午 cn.how2j.diytomcat.Bootstrap lambda$logJVM$0
INFO : OS Version:		10.0
08 06, 2020 14:29:42 下午 cn.how2j.diytomcat.Bootstrap lambda$logJVM$0
INFO : Architecture:		amd64
08 06, 2020 14:29:42 下午 cn.how2j.diytomcat.Bootstrap lambda$logJVM$0
INFO : Java Home:		C:\Program Files\Java\jdk1.8.0_121\jre
08 06, 2020 14:29:42 下午 cn.how2j.diytomcat.Bootstrap lambda$logJVM$0
INFO : JVM Version:		1.8.0_121-b13
08 06, 2020 14:29:42 下午 cn.how2j.diytomcat.Bootstrap lambda$logJVM$0
INFO : JVM Vendor:		Oracle Corporation
08 06, 2020 14:29:42 下午 cn.how2j.diytomcat.catalina.Context <init>
INFO : Deploying web application directory E:\IdeaProjects\diytomcat\webapps\a
08 06, 2020 14:29:42 下午 cn.how2j.diytomcat.catalina.Context <init>
INFO : Deployment of web application directory E:\IdeaProjects\diytomcat\webapps\a has finished in 1 ms
08 06, 2020 14:29:42 下午 cn.how2j.diytomcat.catalina.Context <init>
INFO : Deploying web application directory E:\IdeaProjects\diytomcat\webapps\ROOT
08 06, 2020 14:29:42 下午 cn.how2j.diytomcat.catalina.Context <init>
INFO : Deployment of web application directory E:\IdeaProjects\diytomcat\webapps\ROOT has finished in 0 ms
08 06, 2020 14:29:42 下午 cn.how2j.diytomcat.catalina.Context <init>
INFO : Deploying web application directory d:/project/diytomcat/b
08 06, 2020 14:29:42 下午 cn.how2j.diytomcat.catalina.Context <init>
INFO : Deployment of web application directory d:/project/diytomcat/b has finished in 0 ms
08 06, 2020 14:29:42 下午 cn.how2j.diytomcat.catalina.Context <init>
INFO : Deploying web application directory E:\IdeaProjects\diytomcat\webapps\a
08 06, 2020 14:29:42 下午 cn.how2j.diytomcat.catalina.Context <init>
INFO : Deployment of web application directory E:\IdeaProjects\diytomcat\webapps\a has finished in 3 ms
08 06, 2020 14:29:42 下午 cn.how2j.diytomcat.catalina.Context <init>
INFO : Deploying web application directory E:\IdeaProjects\diytomcat\webapps\ROOT
08 06, 2020 14:29:42 下午 cn.how2j.diytomcat.catalina.Context <init>
INFO : Deployment of web application directory E:\IdeaProjects\diytomcat\webapps\ROOT has finished in 1 ms
08 06, 2020 14:29:42 下午 cn.how2j.diytomcat.catalina.Context <init>
INFO : Deploying web application directory d:/project/diytomcat/b
08 06, 2020 14:29:42 下午 cn.how2j.diytomcat.catalina.Context <init>
INFO : Deployment of web application directory d:/project/diytomcat/b has finished in 1 ms
08 06, 2020 14:33:02 下午 cn.how2j.diytomcat.Bootstrap lambda$logJVM$0
INFO : Server version:		How2J DiyTomcat/1.0.1
08 06, 2020 14:33:02 下午 cn.how2j.diytomcat.Bootstrap lambda$logJVM$0
INFO : Server built:		2020-04-08 10:20:22
08 06, 2020 14:33:02 下午 cn.how2j.diytomcat.Bootstrap lambda$logJVM$0
INFO : Server number:		1.0.1
08 06, 2020 14:33:02 下午 cn.how2j.diytomcat.Bootstrap lambda$logJVM$0
INFO : OS Name	:		Windows 10
08 06, 2020 14:33:02 下午 cn.how2j.diytomcat.Bootstrap lambda$logJVM$0
INFO : OS Version:		10.0
08 06, 2020 14:33:02 下午 cn.how2j.diytomcat.Bootstrap lambda$logJVM$0
INFO : Architecture:		amd64
08 06, 2020 14:33:02 下午 cn.how2j.diytomcat.Bootstrap lambda$logJVM$0
INFO : Java Home:		C:\Program Files\Java\jdk1.8.0_121\jre
08 06, 2020 14:33:02 下午 cn.how2j.diytomcat.Bootstrap lambda$logJVM$0
INFO : JVM Version:		1.8.0_121-b13
08 06, 2020 14:33:02 下午 cn.how2j.diytomcat.Bootstrap lambda$logJVM$0
INFO : JVM Vendor:		Oracle Corporation
08 06, 2020 14:33:02 下午 cn.how2j.diytomcat.catalina.Context <init>
INFO : Deploying web application directory E:\IdeaProjects\diytomcat\webapps\a
08 06, 2020 14:33:02 下午 cn.how2j.diytomcat.catalina.Context <init>
INFO : Deployment of web application directory E:\IdeaProjects\diytomcat\webapps\a has finished in 0 ms
08 06, 2020 14:33:02 下午 cn.how2j.diytomcat.catalina.Context <init>
INFO : Deploying web application directory E:\IdeaProjects\diytomcat\webapps\ROOT
08 06, 2020 14:33:02 下午 cn.how2j.diytomcat.catalina.Context <init>
INFO : Deployment of web application directory E:\IdeaProjects\diytomcat\webapps\ROOT has finished in 0 ms
08 06, 2020 14:33:02 下午 cn.how2j.diytomcat.catalina.Context <init>
INFO : Deploying web application directory e:/IdeaProjects/diytomcat/b
08 06, 2020 14:33:02 下午 cn.how2j.diytomcat.catalina.Context <init>
INFO : Deployment of web application directory e:/IdeaProjects/diytomcat/b has finished in 1 ms
08 06, 2020 14:33:02 下午 cn.how2j.diytomcat.catalina.Context <init>
INFO : Deploying web application directory E:\IdeaProjects\diytomcat\webapps\a
08 06, 2020 14:33:02 下午 cn.how2j.diytomcat.catalina.Context <init>
INFO : Deployment of web application directory E:\IdeaProjects\diytomcat\webapps\a has finished in 4 ms
08 06, 2020 14:33:02 下午 cn.how2j.diytomcat.catalina.Context <init>
INFO : Deploying web application directory E:\IdeaProjects\diytomcat\webapps\ROOT
08 06, 2020 14:33:02 下午 cn.how2j.diytomcat.catalina.Context <init>
INFO : Deployment of web application directory E:\IdeaProjects\diytomcat\webapps\ROOT has finished in 1 ms
08 06, 2020 14:33:02 下午 cn.how2j.diytomcat.catalina.Context <init>
INFO : Deploying web application directory e:/IdeaProjects/diytomcat/b
08 06, 2020 14:33:02 下午 cn.how2j.diytomcat.catalina.Context <init>
INFO : Deployment of web application directory e:/IdeaProjects/diytomcat/b has finished in 0 ms
08 06, 2020 14:38:41 下午 cn.how2j.diytomcat.catalina.Context <init>
INFO : Deploying web application directory E:\IdeaProjects\diytomcat\webapps\a
08 06, 2020 14:38:41 下午 cn.how2j.diytomcat.catalina.Context <init>
INFO : Deployment of web application directory E:\IdeaProjects\diytomcat\webapps\a has finished in 163 ms
08 06, 2020 14:38:41 下午 cn.how2j.diytomcat.catalina.Context <init>
INFO : Deploying web application directory E:\IdeaProjects\diytomcat\webapps\ROOT
08 06, 2020 14:38:41 下午 cn.how2j.diytomcat.catalina.Context <init>
INFO : Deployment of web application directory E:\IdeaProjects\diytomcat\webapps\ROOT has finished in 1 ms
08 06, 2020 14:38:41 下午 cn.how2j.diytomcat.catalina.Context <init>
INFO : Deploying web application directory e:/IdeaProjects/diytomcat/b
08 06, 2020 14:38:41 下午 cn.how2j.diytomcat.catalina.Context <init>
INFO : Deployment of web application directory e:/IdeaProjects/diytomcat/b has finished in 0 ms
08 06, 2020 14:38:41 下午 cn.how2j.diytomcat.catalina.Server lambda$logJVM$0
INFO : Server version:		How2J DiyTomcat/1.0.1
08 06, 2020 14:38:41 下午 cn.how2j.diytomcat.catalina.Server lambda$logJVM$0
INFO : Server built:		2020-04-08 10:20:22
08 06, 2020 14:38:41 下午 cn.how2j.diytomcat.catalina.Server lambda$logJVM$0
INFO : Server number:		1.0.1
08 06, 2020 14:38:41 下午 cn.how2j.diytomcat.catalina.Server lambda$logJVM$0
INFO : OS Name	:		Windows 10
08 06, 2020 14:38:41 下午 cn.how2j.diytomcat.catalina.Server lambda$logJVM$0
INFO : OS Version:		10.0
08 06, 2020 14:38:41 下午 cn.how2j.diytomcat.catalina.Server lambda$logJVM$0
INFO : Architecture:		amd64
08 06, 2020 14:38:41 下午 cn.how2j.diytomcat.catalina.Server lambda$logJVM$0
INFO : Java Home:		C:\Program Files\Java\jdk1.8.0_121\jre
08 06, 2020 14:38:41 下午 cn.how2j.diytomcat.catalina.Server lambda$logJVM$0
INFO : JVM Version:		1.8.0_121-b13
08 06, 2020 14:38:41 下午 cn.how2j.diytomcat.catalina.Server lambda$logJVM$0
INFO : JVM Vendor:		Oracle Corporation
08 06, 2020 14:49:27 下午 cn.how2j.diytomcat.catalina.Context <init>
INFO : Deploying web application directory E:\IdeaProjects\diytomcat\webapps\a
08 06, 2020 14:49:27 下午 cn.how2j.diytomcat.catalina.Context <init>
INFO : Deployment of web application directory E:\IdeaProjects\diytomcat\webapps\a has finished in 190 ms
08 06, 2020 14:49:27 下午 cn.how2j.diytomcat.catalina.Context <init>
INFO : Deploying web application directory E:\IdeaProjects\diytomcat\webapps\ROOT
08 06, 2020 14:49:27 下午 cn.how2j.diytomcat.catalina.Context <init>
INFO : Deployment of web application directory E:\IdeaProjects\diytomcat\webapps\ROOT has finished in 1 ms
08 06, 2020 14:49:27 下午 cn.how2j.diytomcat.catalina.Context <init>
INFO : Deploying web application directory e:/IdeaProjects/diytomcat/b
08 06, 2020 14:49:27 下午 cn.how2j.diytomcat.catalina.Context <init>
INFO : Deployment of web application directory e:/IdeaProjects/diytomcat/b has finished in 0 ms
08 06, 2020 14:49:27 下午 cn.how2j.diytomcat.catalina.Server lambda$logJVM$0
INFO : Server version:		How2J DiyTomcat/1.0.1
08 06, 2020 14:49:27 下午 cn.how2j.diytomcat.catalina.Server lambda$logJVM$0
INFO : Server built:		2020-04-08 10:20:22
08 06, 2020 14:49:27 下午 cn.how2j.diytomcat.catalina.Server lambda$logJVM$0
INFO : Server number:		1.0.1
08 06, 2020 14:49:27 下午 cn.how2j.diytomcat.catalina.Server lambda$logJVM$0
INFO : OS Name	:		Windows 10
08 06, 2020 14:49:27 下午 cn.how2j.diytomcat.catalina.Server lambda$logJVM$0
INFO : OS Version:		10.0
08 06, 2020 14:49:27 下午 cn.how2j.diytomcat.catalina.Server lambda$logJVM$0
INFO : Architecture:		amd64
08 06, 2020 14:49:27 下午 cn.how2j.diytomcat.catalina.Server lambda$logJVM$0
INFO : Java Home:		C:\Program Files\Java\jdk1.8.0_121\jre
08 06, 2020 14:49:27 下午 cn.how2j.diytomcat.catalina.Server lambda$logJVM$0
INFO : JVM Version:		1.8.0_121-b13
08 06, 2020 14:49:27 下午 cn.how2j.diytomcat.catalina.Server lambda$logJVM$0
INFO : JVM Vendor:		Oracle Corporation
08 06, 2020 15:11:02 下午 cn.how2j.diytomcat.catalina.Context <init>
INFO : Deploying web application directory E:\IdeaProjects\diytomcat\webapps\a
08 06, 2020 15:11:02 下午 cn.how2j.diytomcat.catalina.Context <init>
INFO : Deployment of web application directory E:\IdeaProjects\diytomcat\webapps\a has finished in 153 ms
08 06, 2020 15:11:02 下午 cn.how2j.diytomcat.catalina.Context <init>
INFO : Deploying web application directory E:\IdeaProjects\diytomcat\webapps\ROOT
08 06, 2020 15:11:02 下午 cn.how2j.diytomcat.catalina.Context <init>
INFO : Deployment of web application directory E:\IdeaProjects\diytomcat\webapps\ROOT has finished in 1 ms
08 06, 2020 15:11:02 下午 cn.how2j.diytomcat.catalina.Context <init>
INFO : Deploying web application directory e:/IdeaProjects/diytomcat/b
08 06, 2020 15:11:02 下午 cn.how2j.diytomcat.catalina.Context <init>
INFO : Deployment of web application directory e:/IdeaProjects/diytomcat/b has finished in 0 ms
08 06, 2020 15:11:02 下午 cn.how2j.diytomcat.catalina.Server lambda$logJVM$0
INFO : Server version:		How2J DiyTomcat/1.0.1
08 06, 2020 15:11:02 下午 cn.how2j.diytomcat.catalina.Server lambda$logJVM$0
INFO : Server built:		2020-04-08 10:20:22
08 06, 2020 15:11:02 下午 cn.how2j.diytomcat.catalina.Server lambda$logJVM$0
INFO : Server number:		1.0.1
08 06, 2020 15:11:02 下午 cn.how2j.diytomcat.catalina.Server lambda$logJVM$0
INFO : OS Name	:		Windows 10
08 06, 2020 15:11:02 下午 cn.how2j.diytomcat.catalina.Server lambda$logJVM$0
INFO : OS Version:		10.0
08 06, 2020 15:11:02 下午 cn.how2j.diytomcat.catalina.Server lambda$logJVM$0
INFO : Architecture:		amd64
08 06, 2020 15:11:02 下午 cn.how2j.diytomcat.catalina.Server lambda$logJVM$0
INFO : Java Home:		C:\Program Files\Java\jdk1.8.0_121\jre
08 06, 2020 15:11:02 下午 cn.how2j.diytomcat.catalina.Server lambda$logJVM$0
INFO : JVM Version:		1.8.0_121-b13
08 06, 2020 15:11:02 下午 cn.how2j.diytomcat.catalina.Server lambda$logJVM$0
INFO : JVM Vendor:		Oracle Corporation
08 06, 2020 15:12:42 下午 cn.how2j.diytomcat.catalina.Context <init>
INFO : Deploying web application directory E:\IdeaProjects\diytomcat\webapps\a
08 06, 2020 15:12:42 下午 cn.how2j.diytomcat.catalina.Context <init>
INFO : Deployment of web application directory E:\IdeaProjects\diytomcat\webapps\a has finished in 157 ms
08 06, 2020 15:12:42 下午 cn.how2j.diytomcat.catalina.Context <init>
INFO : Deploying web application directory E:\IdeaProjects\diytomcat\webapps\ROOT
08 06, 2020 15:12:42 下午 cn.how2j.diytomcat.catalina.Context <init>
INFO : Deployment of web application directory E:\IdeaProjects\diytomcat\webapps\ROOT has finished in 1 ms
08 06, 2020 15:12:42 下午 cn.how2j.diytomcat.catalina.Context <init>
INFO : Deploying web application directory e:/IdeaProjects/diytomcat/b
08 06, 2020 15:12:42 下午 cn.how2j.diytomcat.catalina.Context <init>
INFO : Deployment of web application directory e:/IdeaProjects/diytomcat/b has finished in 0 ms
08 06, 2020 15:12:42 下午 cn.how2j.diytomcat.catalina.Server lambda$logJVM$0
INFO : Server version:		How2J DiyTomcat/1.0.1
08 06, 2020 15:12:42 下午 cn.how2j.diytomcat.catalina.Server lambda$logJVM$0
INFO : Server built:		2020-04-08 10:20:22
08 06, 2020 15:12:42 下午 cn.how2j.diytomcat.catalina.Server lambda$logJVM$0
INFO : Server number:		1.0.1
08 06, 2020 15:12:42 下午 cn.how2j.diytomcat.catalina.Server lambda$logJVM$0
INFO : OS Name	:		Windows 10
08 06, 2020 15:12:42 下午 cn.how2j.diytomcat.catalina.Server lambda$logJVM$0
INFO : OS Version:		10.0
08 06, 2020 15:12:42 下午 cn.how2j.diytomcat.catalina.Server lambda$logJVM$0
INFO : Architecture:		amd64
08 06, 2020 15:12:42 下午 cn.how2j.diytomcat.catalina.Server lambda$logJVM$0
INFO : Java Home:		C:\Program Files\Java\jdk1.8.0_121\jre
08 06, 2020 15:12:42 下午 cn.how2j.diytomcat.catalina.Server lambda$logJVM$0
INFO : JVM Version:		1.8.0_121-b13
08 06, 2020 15:12:42 下午 cn.how2j.diytomcat.catalina.Server lambda$logJVM$0
INFO : JVM Vendor:		Oracle Corporation
08 06, 2020 15:15:17 下午 cn.how2j.diytomcat.catalina.Context <init>
INFO : Deploying web application directory E:\IdeaProjects\diytomcat\webapps\a
08 06, 2020 15:15:17 下午 cn.how2j.diytomcat.catalina.Context <init>
INFO : Deployment of web application directory E:\IdeaProjects\diytomcat\webapps\a has finished in 191 ms
08 06, 2020 15:15:17 下午 cn.how2j.diytomcat.catalina.Context <init>
INFO : Deploying web application directory E:\IdeaProjects\diytomcat\webapps\ROOT
08 06, 2020 15:15:17 下午 cn.how2j.diytomcat.catalina.Context <init>
INFO : Deployment of web application directory E:\IdeaProjects\diytomcat\webapps\ROOT has finished in 0 ms
08 06, 2020 15:15:17 下午 cn.how2j.diytomcat.catalina.Context <init>
INFO : Deploying web application directory e:/IdeaProjects/diytomcat/b
08 06, 2020 15:15:17 下午 cn.how2j.diytomcat.catalina.Context <init>
INFO : Deployment of web application directory e:/IdeaProjects/diytomcat/b has finished in 0 ms
08 06, 2020 15:15:17 下午 cn.how2j.diytomcat.catalina.Server lambda$logJVM$0
INFO : Server version:		How2J DiyTomcat/1.0.1
08 06, 2020 15:15:17 下午 cn.how2j.diytomcat.catalina.Server lambda$logJVM$0
INFO : Server built:		2020-04-08 10:20:22
08 06, 2020 15:15:17 下午 cn.how2j.diytomcat.catalina.Server lambda$logJVM$0
INFO : Server number:		1.0.1
08 06, 2020 15:15:17 下午 cn.how2j.diytomcat.catalina.Server lambda$logJVM$0
INFO : OS Name	:		Windows 10
08 06, 2020 15:15:17 下午 cn.how2j.diytomcat.catalina.Server lambda$logJVM$0
INFO : OS Version:		10.0
08 06, 2020 15:15:17 下午 cn.how2j.diytomcat.catalina.Server lambda$logJVM$0
INFO : Architecture:		amd64
08 06, 2020 15:15:17 下午 cn.how2j.diytomcat.catalina.Server lambda$logJVM$0
INFO : Java Home:		C:\Program Files\Java\jdk1.8.0_121\jre
08 06, 2020 15:15:17 下午 cn.how2j.diytomcat.catalina.Server lambda$logJVM$0
INFO : JVM Version:		1.8.0_121-b13
08 06, 2020 15:15:17 下午 cn.how2j.diytomcat.catalina.Server lambda$logJVM$0
INFO : JVM Vendor:		Oracle Corporation
08 06, 2020 15:15:24 下午 cn.how2j.diytomcat.catalina.Server$1 error
ERROR: this is a deliberately created exception
java.lang.RuntimeException: this is a deliberately created exception
	at cn.how2j.diytomcat.catalina.Server$1.run(Server.java:57)
	at java.util.concurrent.ThreadPoolExecutor.runWorker(ThreadPoolExecutor.java:1142)
	at java.util.concurrent.ThreadPoolExecutor$Worker.run(ThreadPoolExecutor.java:617)
	at java.lang.Thread.run(Thread.java:745)
08 06, 2020 17:43:52 下午 cn.how2j.diytomcat.catalina.Context <init>
INFO : Deploying web application directory E:\IdeaProjects\diytomcat\webapps\a
08 06, 2020 17:43:52 下午 cn.how2j.diytomcat.catalina.Context <init>
INFO : Deployment of web application directory E:\IdeaProjects\diytomcat\webapps\a has finished in 136 ms
08 06, 2020 17:43:53 下午 cn.how2j.diytomcat.catalina.Context <init>
INFO : Deploying web application directory E:\IdeaProjects\diytomcat\webapps\ROOT
08 06, 2020 17:43:53 下午 cn.how2j.diytomcat.catalina.Context <init>
INFO : Deployment of web application directory E:\IdeaProjects\diytomcat\webapps\ROOT has finished in 0 ms
08 06, 2020 17:43:53 下午 cn.how2j.diytomcat.catalina.Context <init>
INFO : Deploying web application directory e:/IdeaProjects/diytomcat/b
08 06, 2020 17:43:53 下午 cn.how2j.diytomcat.catalina.Context <init>
INFO : Deployment of web application directory e:/IdeaProjects/diytomcat/b has finished in 0 ms
08 06, 2020 17:43:53 下午 cn.how2j.diytomcat.catalina.Server lambda$logJVM$0
INFO : Server version:		How2J DiyTomcat/1.0.1
08 06, 2020 17:43:53 下午 cn.how2j.diytomcat.catalina.Server lambda$logJVM$0
INFO : Server built:		2020-04-08 10:20:22
08 06, 2020 17:43:53 下午 cn.how2j.diytomcat.catalina.Server lambda$logJVM$0
INFO : Server number:		1.0.1
08 06, 2020 17:43:53 下午 cn.how2j.diytomcat.catalina.Server lambda$logJVM$0
INFO : OS Name	:		Windows 10
08 06, 2020 17:43:53 下午 cn.how2j.diytomcat.catalina.Server lambda$logJVM$0
INFO : OS Version:		10.0
08 06, 2020 17:43:53 下午 cn.how2j.diytomcat.catalina.Server lambda$logJVM$0
INFO : Architecture:		amd64
08 06, 2020 17:43:53 下午 cn.how2j.diytomcat.catalina.Server lambda$logJVM$0
INFO : Java Home:		C:\Program Files\Java\jdk1.8.0_121\jre
08 06, 2020 17:43:53 下午 cn.how2j.diytomcat.catalina.Server lambda$logJVM$0
INFO : JVM Version:		1.8.0_121-b13
08 06, 2020 17:43:53 下午 cn.how2j.diytomcat.catalina.Server lambda$logJVM$0
INFO : JVM Vendor:		Oracle Corporation
08 06, 2020 17:44:13 下午 cn.how2j.diytomcat.catalina.Server$1 error
ERROR: this is a deliberately created exception
java.lang.RuntimeException: this is a deliberately created exception
	at cn.how2j.diytomcat.catalina.Server$1.run(Server.java:57)
	at java.util.concurrent.ThreadPoolExecutor.runWorker(ThreadPoolExecutor.java:1142)
	at java.util.concurrent.ThreadPoolExecutor$Worker.run(ThreadPoolExecutor.java:617)
	at java.lang.Thread.run(Thread.java:745)
08 06, 2020 17:45:47 下午 cn.how2j.diytomcat.catalina.Context <init>
INFO : Deploying web application directory E:\IdeaProjects\diytomcat\webapps\a
08 06, 2020 17:45:47 下午 cn.how2j.diytomcat.catalina.Context <init>
INFO : Deployment of web application directory E:\IdeaProjects\diytomcat\webapps\a has finished in 120 ms
08 06, 2020 17:45:47 下午 cn.how2j.diytomcat.catalina.Context <init>
INFO : Deploying web application directory E:\IdeaProjects\diytomcat\webapps\ROOT
08 06, 2020 17:45:47 下午 cn.how2j.diytomcat.catalina.Context <init>
INFO : Deployment of web application directory E:\IdeaProjects\diytomcat\webapps\ROOT has finished in 1 ms
08 06, 2020 17:45:47 下午 cn.how2j.diytomcat.catalina.Context <init>
INFO : Deploying web application directory e:/IdeaProjects/diytomcat/b
08 06, 2020 17:45:47 下午 cn.how2j.diytomcat.catalina.Context <init>
INFO : Deployment of web application directory e:/IdeaProjects/diytomcat/b has finished in 0 ms
08 06, 2020 17:45:47 下午 cn.how2j.diytomcat.catalina.Server lambda$logJVM$0
INFO : Server version:		How2J DiyTomcat/1.0.1
08 06, 2020 17:45:47 下午 cn.how2j.diytomcat.catalina.Server lambda$logJVM$0
INFO : Server built:		2020-04-08 10:20:22
08 06, 2020 17:45:47 下午 cn.how2j.diytomcat.catalina.Server lambda$logJVM$0
INFO : Server number:		1.0.1
08 06, 2020 17:45:47 下午 cn.how2j.diytomcat.catalina.Server lambda$logJVM$0
INFO : OS Name	:		Windows 10
08 06, 2020 17:45:47 下午 cn.how2j.diytomcat.catalina.Server lambda$logJVM$0
INFO : OS Version:		10.0
08 06, 2020 17:45:47 下午 cn.how2j.diytomcat.catalina.Server lambda$logJVM$0
INFO : Architecture:		amd64
08 06, 2020 17:45:47 下午 cn.how2j.diytomcat.catalina.Server lambda$logJVM$0
INFO : Java Home:		C:\Program Files\Java\jdk1.8.0_121\jre
08 06, 2020 17:45:47 下午 cn.how2j.diytomcat.catalina.Server lambda$logJVM$0
INFO : JVM Version:		1.8.0_121-b13
08 06, 2020 17:45:47 下午 cn.how2j.diytomcat.catalina.Server lambda$logJVM$0
INFO : JVM Vendor:		Oracle Corporation
